[30-May-2020 10:15:40 UTC] PHP Fatal error:  Method Illuminate\View\View::__toString() must not throw an exception, caught ErrorException: SQLSTATE[HY000] [1045] Access denied for user 'sphinxws_test'@'localhost' (using password: YES) (SQL: select * from `settings` where `settings`.`id` = 3 limit 1) (View: /home2/sphinxws/public_html/test/resources/views/dashboard/layout/css.blade.php) in /home2/sphinxws/public_html/test/storage/framework/views/94692830e411dc37113188a5988448dd0b6b599d.php on line 0
[30-May-2020 05:12:07 America/Boise] PHP Warning:  Unknown: Input variables exceeded 1000. To increase the limit change max_input_vars in php.ini. in Unknown on line 0
[30-May-2020 05:20:36 America/Boise] PHP Warning:  Unknown: Input variables exceeded 1000. To increase the limit change max_input_vars in php.ini. in Unknown on line 0
[30-May-2020 05:20:54 America/Boise] PHP Warning:  Unknown: Input variables exceeded 1000. To increase the limit change max_input_vars in php.ini. in Unknown on line 0
[30-May-2020 05:23:20 America/Boise] PHP Warning:  Unknown: Input variables exceeded 1000. To increase the limit change max_input_vars in php.ini. in Unknown on line 0
[30-May-2020 05:26:21 America/Boise] PHP Warning:  Unknown: Input variables exceeded 1000. To increase the limit change max_input_vars in php.ini. in Unknown on line 0
[01-Jun-2020 11:31:57 UTC] PHP Fatal error:  Method Illuminate\View\View::__toString() must not throw an exception, caught ErrorException: Trying to get property 'type' of non-object (View: /home2/sphinxws/public_html/test/resources/views/dashboard/layout/js.blade.php) in /home2/sphinxws/public_html/test/storage/framework/views/94692830e411dc37113188a5988448dd0b6b599d.php on line 0
[01-Jun-2020 11:32:02 UTC] PHP Fatal error:  Method Illuminate\View\View::__toString() must not throw an exception, caught ErrorException: Trying to get property 'type' of non-object (View: /home2/sphinxws/public_html/test/resources/views/dashboard/layout/js.blade.php) in /home2/sphinxws/public_html/test/storage/framework/views/94692830e411dc37113188a5988448dd0b6b599d.php on line 0
[01-Jun-2020 11:32:10 UTC] PHP Fatal error:  Method Illuminate\View\View::__toString() must not throw an exception, caught ErrorException: Trying to get property 'type' of non-object (View: /home2/sphinxws/public_html/test/resources/views/dashboard/layout/js.blade.php) in /home2/sphinxws/public_html/test/storage/framework/views/94692830e411dc37113188a5988448dd0b6b599d.php on line 0
[01-Jun-2020 11:50:03 UTC] PHP Fatal error:  Method Illuminate\View\View::__toString() must not throw an exception, caught ErrorException: Undefined variable: color (View: /home2/sphinxws/public_html/test/resources/views/dashboard/course/action.blade.php) in /home2/sphinxws/public_html/test/vendor/yajra/laravel-datatables-oracle/src/Utilities/Helper.php on line 0
[01-Jun-2020 11:50:38 UTC] PHP Fatal error:  Method Illuminate\View\View::__toString() must not throw an exception, caught ErrorException: Undefined variable: color (View: /home2/sphinxws/public_html/test/resources/views/dashboard/course/action.blade.php) in /home2/sphinxws/public_html/test/vendor/yajra/laravel-datatables-oracle/src/Utilities/Helper.php on line 0
[02-Jun-2020 08:04:01 UTC] PHP Fatal error:  Method Illuminate\View\View::__toString() must not throw an exception, caught ErrorException: syntax error, unexpected end of file, expecting elseif (T_ELSEIF) or else (T_ELSE) or endif (T_ENDIF) (View: /home2/sphinxws/public_html/test/resources/views/dashboard/course/action.blade.php) in /home2/sphinxws/public_html/test/vendor/yajra/laravel-datatables-oracle/src/Utilities/Helper.php on line 0
[02-Jun-2020 08:04:51 UTC] PHP Fatal error:  Method Illuminate\View\View::__toString() must not throw an exception, caught ErrorException: syntax error, unexpected end of file, expecting elseif (T_ELSEIF) or else (T_ELSE) or endif (T_ENDIF) (View: /home2/sphinxws/public_html/test/resources/views/dashboard/course/action.blade.php) in /home2/sphinxws/public_html/test/vendor/yajra/laravel-datatables-oracle/src/Utilities/Helper.php on line 0
[02-Jun-2020 13:06:30 UTC] PHP Fatal error:  Cannot use isset() on the result of an expression (you can use "null !== expression" instead) in /home2/sphinxws/public_html/test/app/LoginHistory.php on line 39
[03-Jun-2020 08:08:28 UTC] PHP Fatal error:  Maximum execution time of 30 seconds exceeded in /home2/sphinxws/public_html/msa/vendor/laravel/framework/src/Illuminate/Database/Connection.php on line 332
[03-Jun-2020 08:09:23 UTC] PHP Fatal error:  Maximum execution time of 30 seconds exceeded in /home2/sphinxws/public_html/msa/vendor/laravel/framework/src/Illuminate/Database/Events/QueryExecuted.php on line 53
[03-Jun-2020 08:10:19 UTC] PHP Fatal error:  Maximum execution time of 30 seconds exceeded in /home2/sphinxws/public_html/msa/vendor/laravel/framework/src/Illuminate/Support/Collection.php on line 984
[03-Jun-2020 08:11:15 UTC] PHP Fatal error:  Maximum execution time of 30 seconds exceeded in /home2/sphinxws/public_html/msa/vendor/laravel/framework/src/Illuminate/Events/Dispatcher.php on line 282
[03-Jun-2020 08:35:25 UTC] PHP Fatal error:  Maximum execution time of 30 seconds exceeded in /home2/sphinxws/public_html/msa/vendor/laravel/framework/src/Illuminate/Database/Connection.php on line 332
[03-Jun-2020 04:53:30 America/Boise] PHP Warning:  Unknown: Input variables exceeded 1000. To increase the limit change max_input_vars in php.ini. in Unknown on line 0
[03-Jun-2020 04:53:55 America/Boise] PHP Warning:  Unknown: Input variables exceeded 1000. To increase the limit change max_input_vars in php.ini. in Unknown on line 0
[03-Jun-2020 11:07:23 UTC] PHP Fatal error:  Method Illuminate\View\View::__toString() must not throw an exception, caught ErrorException: Undefined variable: course (View: /home2/sphinxws/public_html/msa/resources/views/dashboard/course/student.blade.php) in /home2/sphinxws/public_html/msa/vendor/yajra/laravel-datatables-oracle/src/Utilities/Helper.php on line 0
[03-Jun-2020 11:07:35 UTC] PHP Fatal error:  Method Illuminate\View\View::__toString() must not throw an exception, caught ErrorException: Undefined variable: course (View: /home2/sphinxws/public_html/msa/resources/views/dashboard/course/student.blade.php) in /home2/sphinxws/public_html/msa/vendor/yajra/laravel-datatables-oracle/src/Utilities/Helper.php on line 0
[03-Jun-2020 11:07:45 UTC] PHP Fatal error:  Method Illuminate\View\View::__toString() must not throw an exception, caught ErrorException: Undefined variable: course (View: /home2/sphinxws/public_html/msa/resources/views/dashboard/course/student.blade.php) in /home2/sphinxws/public_html/msa/vendor/yajra/laravel-datatables-oracle/src/Utilities/Helper.php on line 0
[03-Jun-2020 11:16:50 UTC] PHP Fatal error:  Method Illuminate\View\View::__toString() must not throw an exception, caught ErrorException: Call to a member function hasStudent() on null (View: /home2/sphinxws/public_html/msa/resources/views/dashboard/course/student.blade.php) in /home2/sphinxws/public_html/msa/vendor/yajra/laravel-datatables-oracle/src/Utilities/Helper.php on line 0
[03-Jun-2020 11:18:23 UTC] PHP Fatal error:  Method Illuminate\View\View::__toString() must not throw an exception, caught ErrorException: Call to a member function hasStudent() on null (View: /home2/sphinxws/public_html/msa/resources/views/dashboard/course/student.blade.php) in /home2/sphinxws/public_html/msa/vendor/yajra/laravel-datatables-oracle/src/Utilities/Helper.php on line 0
[03-Jun-2020 12:52:16 UTC] PHP Fatal error:  Maximum execution time of 30 seconds exceeded in /home2/sphinxws/public_html/msa/vendor/laravel/framework/src/Illuminate/Support/helpers.php on line 471
[03-Jun-2020 13:13:43 UTC] PHP Fatal error:  Cannot use App\StudentCourse as StudentCourse because the name is already in use in /home2/sphinxws/public_html/msa/app/Http/Controllers/dashboard/StudentCourseController.php on line 12
[03-Jun-2020 13:13:57 UTC] PHP Fatal error:  Cannot use App\StudentCourse as StudentCourse because the name is already in use in /home2/sphinxws/public_html/msa/app/Http/Controllers/dashboard/StudentCourseController.php on line 12
[03-Jun-2020 13:14:15 UTC] PHP Fatal error:  Cannot use App\StudentCourse as StudentCourse because the name is already in use in /home2/sphinxws/public_html/msa/app/Http/Controllers/dashboard/StudentCourseController.php on line 12
[07-Jun-2020 14:09:58 UTC] PHP Fatal error:  Method Illuminate\View\View::__toString() must not throw an exception, caught ErrorException: SQLSTATE[42S22]: Column not found: 1054 Unknown column 'student_id' in 'where clause' (SQL: select * from `researches` where `course_id` in (28, 29, 30, 31, 34, 35) and `student_id` = 8488 and `course_id` = 31 and `researches`.`deleted_at` is null limit 1) (View: /home2/sphinxws/public_html/msa/resources/views/dashboard/course/action.blade.php) in /home2/sphinxws/public_html/msa/vendor/yajra/laravel-datatables-oracle/src/Utilities/Helper.php on line 0
[07-Jun-2020 14:09:59 UTC] PHP Fatal error:  Method Illuminate\View\View::__toString() must not throw an exception, caught ErrorException: SQLSTATE[42S22]: Column not found: 1054 Unknown column 'student_id' in 'where clause' (SQL: select * from `researches` where `course_id` in (2, 5, 7, 9, 12, 13) and `student_id` = 7150 and `course_id` = 13 and `researches`.`deleted_at` is null limit 1) (View: /home2/sphinxws/public_html/msa/resources/views/dashboard/course/action.blade.php) in /home2/sphinxws/public_html/msa/vendor/yajra/laravel-datatables-oracle/src/Utilities/Helper.php on line 0
[07-Jun-2020 14:10:00 UTC] PHP Fatal error:  Method Illuminate\View\View::__toString() must not throw an exception, caught ErrorException: SQLSTATE[42S22]: Column not found: 1054 Unknown column 'student_id' in 'where clause' (SQL: select * from `researches` where `course_id` in (2, 5, 7, 9, 12, 13) and `student_id` = 7702 and `course_id` = 13 and `researches`.`deleted_at` is null limit 1) (View: /home2/sphinxws/public_html/msa/resources/views/dashboard/course/action.blade.php) in /home2/sphinxws/public_html/msa/vendor/yajra/laravel-datatables-oracle/src/Utilities/Helper.php on line 0
[07-Jun-2020 14:10:02 UTC] PHP Fatal error:  Method Illuminate\View\View::__toString() must not throw an exception, caught ErrorException: SQLSTATE[42S22]: Column not found: 1054 Unknown column 'student_id' in 'where clause' (SQL: select * from `researches` where `course_id` in (2, 5, 7, 9, 12, 13) and `student_id` = 7702 and `course_id` = 13 and `researches`.`deleted_at` is null limit 1) (View: /home2/sphinxws/public_html/msa/resources/views/dashboard/course/action.blade.php) in /home2/sphinxws/public_html/msa/vendor/yajra/laravel-datatables-oracle/src/Utilities/Helper.php on line 0
[07-Jun-2020 14:10:04 UTC] PHP Fatal error:  Method Illuminate\View\View::__toString() must not throw an exception, caught ErrorException: SQLSTATE[42S22]: Column not found: 1054 Unknown column 'student_id' in 'where clause' (SQL: select * from `researches` where `course_id` in (2, 5, 7, 9, 12, 13) and `student_id` = 7150 and `course_id` = 13 and `researches`.`deleted_at` is null limit 1) (View: /home2/sphinxws/public_html/msa/resources/views/dashboard/course/action.blade.php) in /home2/sphinxws/public_html/msa/vendor/yajra/laravel-datatables-oracle/src/Utilities/Helper.php on line 0
[07-Jun-2020 14:10:11 UTC] PHP Fatal error:  Method Illuminate\View\View::__toString() must not throw an exception, caught ErrorException: SQLSTATE[42S22]: Column not found: 1054 Unknown column 'student_id' in 'where clause' (SQL: select * from `researches` where `course_id` in (28, 29, 30, 31, 34, 35) and `student_id` = 8488 and `course_id` = 31 and `researches`.`deleted_at` is null limit 1) (View: /home2/sphinxws/public_html/msa/resources/views/dashboard/course/action.blade.php) in /home2/sphinxws/public_html/msa/vendor/yajra/laravel-datatables-oracle/src/Utilities/Helper.php on line 0
[07-Jun-2020 14:10:14 UTC] PHP Fatal error:  Method Illuminate\View\View::__toString() must not throw an exception, caught ErrorException: SQLSTATE[42S22]: Column not found: 1054 Unknown column 'student_id' in 'where clause' (SQL: select * from `researches` where `course_id` in (28, 29, 30, 31, 34, 35) and `student_id` = 8488 and `course_id` = 31 and `researches`.`deleted_at` is null limit 1) (View: /home2/sphinxws/public_html/msa/resources/views/dashboard/course/action.blade.php) in /home2/sphinxws/public_html/msa/vendor/yajra/laravel-datatables-oracle/src/Utilities/Helper.php on line 0
[07-Jun-2020 14:10:14 UTC] PHP Fatal error:  Method Illuminate\View\View::__toString() must not throw an exception, caught ErrorException: SQLSTATE[42S22]: Column not found: 1054 Unknown column 'student_id' in 'where clause' (SQL: select * from `researches` where `course_id` in (2, 5, 7, 9, 12, 13) and `student_id` = 7702 and `course_id` = 13 and `researches`.`deleted_at` is null limit 1) (View: /home2/sphinxws/public_html/msa/resources/views/dashboard/course/action.blade.php) in /home2/sphinxws/public_html/msa/vendor/yajra/laravel-datatables-oracle/src/Utilities/Helper.php on line 0
[07-Jun-2020 14:10:15 UTC] PHP Fatal error:  Method Illuminate\View\View::__toString() must not throw an exception, caught ErrorException: SQLSTATE[42S22]: Column not found: 1054 Unknown column 'student_id' in 'where clause' (SQL: select * from `researches` where `course_id` in (2, 5, 7, 9, 12, 13) and `student_id` = 7150 and `course_id` = 13 and `researches`.`deleted_at` is null limit 1) (View: /home2/sphinxws/public_html/msa/resources/views/dashboard/course/action.blade.php) in /home2/sphinxws/public_html/msa/vendor/yajra/laravel-datatables-oracle/src/Utilities/Helper.php on line 0
[07-Jun-2020 14:10:28 UTC] PHP Fatal error:  Method Illuminate\View\View::__toString() must not throw an exception, caught ErrorException: SQLSTATE[42S22]: Column not found: 1054 Unknown column 'student_id' in 'where clause' (SQL: select * from `researches` where `course_id` in (2, 5, 7, 9, 12, 13) and `student_id` = 7150 and `course_id` = 13 and `researches`.`deleted_at` is null limit 1) (View: /home2/sphinxws/public_html/msa/resources/views/dashboard/course/action.blade.php) in /home2/sphinxws/public_html/msa/vendor/yajra/laravel-datatables-oracle/src/Utilities/Helper.php on line 0
[07-Jun-2020 14:10:30 UTC] PHP Fatal error:  Method Illuminate\View\View::__toString() must not throw an exception, caught ErrorException: SQLSTATE[42S22]: Column not found: 1054 Unknown column 'student_id' in 'where clause' (SQL: select * from `researches` where `course_id` in (2, 5, 7, 9, 12, 13) and `student_id` = 7702 and `course_id` = 13 and `researches`.`deleted_at` is null limit 1) (View: /home2/sphinxws/public_html/msa/resources/views/dashboard/course/action.blade.php) in /home2/sphinxws/public_html/msa/vendor/yajra/laravel-datatables-oracle/src/Utilities/Helper.php on line 0
